{
  service: 'ConnectDBResilinkService',
  from: 'newAssetTypeDB',
  level: 'info',
  message: 'succes connecting to DB',
  timestamp: '2024-03-06T14:28:23.997Z'
}
{
  service: 'ConnectDBResilinkService',
  from: 'newAssetTypeDB',
  level: 'info',
  message: 'succes connecting to DB',
  timestamp: '2024-03-06T14:29:06.326Z'
}
{
  service: 'ConnectDBResilinkService',
  from: 'newAssetDB',
  level: 'info',
  message: 'succes connecting to DB',
  timestamp: '2024-03-06T14:29:13.753Z'
}
{
  service: 'ConnectDBResilinkService',
  from: 'getImageforAssets',
  level: 'info',
  message: 'succes connecting to DB',
  timestamp: '2024-03-06T14:29:17.252Z'
}
{
  service: 'ConnectDBResilinkService',
  from: 'getImageforAssets',
  level: 'info',
  message: 'succes connecting to DB',
  timestamp: '2024-03-06T14:29:21.205Z'
}
{
  service: 'ConnectDBResilinkService',
  from: 'getImageforAssets',
  level: 'info',
  message: 'succes connecting to DB',
  timestamp: '2024-03-06T14:34:43.746Z'
}
{
  service: 'ConnectDBResilinkService',
  from: 'deleteAssetImgById',
  level: 'info',
  message: 'succes connecting to DB',
  timestamp: '2024-03-06T14:34:45.076Z'
}
{
  service: 'ConnectDBResilinkService',
  from: 'getImageforAssets',
  level: 'info',
  message: 'succes connecting to DB',
  timestamp: '2024-03-06T14:34:46.766Z'
}
{
  service: 'ConnectDBResilinkService',
  from: 'newAssetTypeDB',
  level: 'info',
  message: 'succes connecting to DB',
  timestamp: '2024-03-06T15:18:05.625Z'
}
{
  service: 'ConnectDBResilinkService',
  from: 'newAssetDB',
  level: 'info',
  message: 'succes connecting to DB',
  timestamp: '2024-03-06T15:18:13.110Z'
}
{
  service: 'ConnectDBResilinkService',
  from: 'getImageforAssets',
  level: 'info',
  message: 'succes connecting to DB',
  timestamp: '2024-03-06T15:18:15.388Z'
}
{
  service: 'ConnectDBResilinkService',
  from: 'getImageforAssets',
  level: 'info',
  message: 'succes connecting to DB',
  timestamp: '2024-03-06T15:18:18.543Z'
}
{
  service: 'ConnectDBResilinkService',
  from: 'getImageforAssets',
  level: 'info',
  message: 'succes connecting to DB',
  timestamp: '2024-03-06T15:19:20.203Z'
}
{
  service: 'ConnectDBResilinkService',
  from: 'getOneAssetDBimage',
  level: 'info',
  message: 'succes connecting to DB',
  timestamp: '2024-03-06T15:19:22.878Z'
}
{
  service: 'ConnectDBResilinkService',
  from: 'getImageforAssets',
  level: 'info',
  message: 'succes connecting to DB',
  timestamp: '2024-03-06T15:19:25.430Z'
}
{
  service: 'ConnectDBResilinkService',
  from: 'getLastFourArticles',
  level: 'info',
  message: 'succes connecting to DB',
  timestamp: '2024-03-06T15:19:27.970Z'
}
{
  service: 'ConnectDBResilinkService',
  from: 'getImageforAssets',
  level: 'info',
  message: 'succes connecting to DB',
  timestamp: '2024-03-06T15:19:28.788Z'
}
{
  service: 'ConnectDBResilinkService',
  from: 'getImageforAssets',
  level: 'info',
  message: 'succes connecting to DB',
  timestamp: '2024-03-06T15:19:28.788Z'
}
{
  service: 'ConnectDBResilinkService',
  from: 'getImageforAssets',
  error: MongoNotConnectedError: Client must be connected before running operations
      at executeOperationAsync (/home/acazaux007/Bureau/Resilink/Mid_Plateforme/Resilink_webserver/node_modules/mongodb/lib/operations/execute_operation.js:23:19)
      at /home/acazaux007/Bureau/Resilink/Mid_Plateforme/Resilink_webserver/node_modules/mongodb/lib/operations/execute_operation.js:12:45
      at maybeCallback (/home/acazaux007/Bureau/Resilink/Mid_Plateforme/Resilink_webserver/node_modules/mongodb/lib/utils.js:295:21)
      at executeOperation (/home/acazaux007/Bureau/Resilink/Mid_Plateforme/Resilink_webserver/node_modules/mongodb/lib/operations/execute_operation.js:12:38)
      at FindCursor._initialize (/home/acazaux007/Bureau/Resilink/Mid_Plateforme/Resilink_webserver/node_modules/mongodb/lib/cursor/find_cursor.js:55:73)
      at [kInit] (/home/acazaux007/Bureau/Resilink/Mid_Plateforme/Resilink_webserver/node_modules/mongodb/lib/cursor/abstract_cursor.js:450:38)
      at next (/home/acazaux007/Bureau/Resilink/Mid_Plateforme/Resilink_webserver/node_modules/mongodb/lib/cursor/abstract_cursor.js:510:32)
      at FindCursor.next (/home/acazaux007/Bureau/Resilink/Mid_Plateforme/Resilink_webserver/node_modules/mongodb/lib/cursor/abstract_cursor.js:226:16)
      at Collection.findOne (/home/acazaux007/Bureau/Resilink/Mid_Plateforme/Resilink_webserver/node_modules/mongodb/lib/collection.js:267:66)
      at Object.getImageforAssets (/home/acazaux007/Bureau/Resilink/Mid_Plateforme/Resilink_webserver/src/v1/database/AssetDB.js:126:40) {
    [Symbol(errorLabels)]: Set(0) {}
  },
  level: 'error',
  message: 'error connecting to DB',
  timestamp: '2024-03-06T15:19:29.516Z'
}
{
  service: 'ConnectDBResilinkService',
  from: 'getImageforAssets',
  level: 'info',
  message: 'succes connecting to DB',
  timestamp: '2024-03-06T15:19:41.487Z'
}
{
  service: 'ConnectDBResilinkService',
  from: 'getImageforAssets',
  level: 'info',
  message: 'succes connecting to DB',
  timestamp: '2024-03-06T15:19:45.390Z'
}
{
  service: 'ConnectDBResilinkService',
  from: 'getImageforAssets',
  level: 'info',
  message: 'succes connecting to DB',
  timestamp: '2024-03-06T15:22:26.913Z'
}
{
  service: 'ConnectDBResilinkService',
  from: 'getImageforAssets',
  level: 'info',
  message: 'succes connecting to DB',
  timestamp: '2024-03-06T15:22:28.979Z'
}
{
  service: 'ConnectDBResilinkService',
  from: 'deleteAssetImgById',
  level: 'info',
  message: 'succes connecting to DB',
  timestamp: '2024-03-06T15:22:29.074Z'
}
{
  service: 'ConnectDBResilinkService',
  from: 'getImageforAssets',
  error: MongoNotConnectedError: Client must be connected before running operations
      at executeOperationAsync (/home/acazaux007/Bureau/Resilink/Mid_Plateforme/Resilink_webserver/node_modules/mongodb/lib/operations/execute_operation.js:23:19)
      at /home/acazaux007/Bureau/Resilink/Mid_Plateforme/Resilink_webserver/node_modules/mongodb/lib/operations/execute_operation.js:12:45
      at maybeCallback (/home/acazaux007/Bureau/Resilink/Mid_Plateforme/Resilink_webserver/node_modules/mongodb/lib/utils.js:295:21)
      at executeOperation (/home/acazaux007/Bureau/Resilink/Mid_Plateforme/Resilink_webserver/node_modules/mongodb/lib/operations/execute_operation.js:12:38)
      at FindCursor._initialize (/home/acazaux007/Bureau/Resilink/Mid_Plateforme/Resilink_webserver/node_modules/mongodb/lib/cursor/find_cursor.js:55:73)
      at [kInit] (/home/acazaux007/Bureau/Resilink/Mid_Plateforme/Resilink_webserver/node_modules/mongodb/lib/cursor/abstract_cursor.js:450:38)
      at next (/home/acazaux007/Bureau/Resilink/Mid_Plateforme/Resilink_webserver/node_modules/mongodb/lib/cursor/abstract_cursor.js:510:32)
      at FindCursor.next (/home/acazaux007/Bureau/Resilink/Mid_Plateforme/Resilink_webserver/node_modules/mongodb/lib/cursor/abstract_cursor.js:226:16)
      at Collection.findOne (/home/acazaux007/Bureau/Resilink/Mid_Plateforme/Resilink_webserver/node_modules/mongodb/lib/collection.js:267:66)
      at Object.getImageforAssets (/home/acazaux007/Bureau/Resilink/Mid_Plateforme/Resilink_webserver/src/v1/database/AssetDB.js:126:40) {
    [Symbol(errorLabels)]: Set(0) {}
  },
  level: 'error',
  message: 'error connecting to DB',
  timestamp: '2024-03-06T15:22:29.270Z'
}
{
  service: 'ConnectDBResilinkService',
  from: 'getImageforAssets',
  level: 'info',
  message: 'succes connecting to DB',
  timestamp: '2024-03-06T15:22:31.548Z'
}
{
  service: 'ConnectDBResilinkService',
  from: 'getImageforAssets',
  level: 'info',
  message: 'succes connecting to DB',
  timestamp: '2024-03-06T15:22:33.271Z'
}
{
  service: 'ConnectDBResilinkService',
  from: 'getImageforAssets',
  level: 'info',
  message: 'succes connecting to DB',
  timestamp: '2024-03-07T09:35:15.429Z'
}
{
  service: 'ConnectDBResilinkService',
  from: 'getImageforAssets',
  level: 'info',
  message: 'succes connecting to DB',
  timestamp: '2024-03-08T13:20:34.854Z'
}
{
  service: 'ConnectDBResilinkService',
  from: 'getImageforAssets',
  level: 'info',
  message: 'succes connecting to DB',
  timestamp: '2024-03-08T13:20:37.987Z'
}
{
  service: 'ConnectDBResilinkService',
  from: 'newAssetTypeDB',
  level: 'info',
  message: 'succes connecting to DB',
  timestamp: '2024-03-08T13:22:43.522Z'
}
{
  service: 'ConnectDBResilinkService',
  from: 'newAssetDB',
  level: 'info',
  message: 'succes connecting to DB',
  timestamp: '2024-03-08T13:22:50.095Z'
}
{
  service: 'ConnectDBResilinkService',
  from: 'getImageforAssets',
  level: 'info',
  message: 'succes connecting to DB',
  timestamp: '2024-03-08T13:22:52.013Z'
}
{
  service: 'ConnectDBResilinkService',
  from: 'getImageforAssets',
  level: 'info',
  message: 'succes connecting to DB',
  timestamp: '2024-03-08T13:22:54.166Z'
}
{
  service: 'ConnectDBResilinkService',
  from: 'getImageforAssets',
  level: 'info',
  message: 'succes connecting to DB',
  timestamp: '2024-03-08T13:23:03.498Z'
}
{
  service: 'ConnectDBResilinkService',
  from: 'deleteAssetImgById',
  level: 'info',
  message: 'succes connecting to DB',
  timestamp: '2024-03-08T13:23:04.859Z'
}
{
  service: 'ConnectDBResilinkService',
  from: 'getImageforAssets',
  level: 'info',
  message: 'succes connecting to DB',
  timestamp: '2024-03-08T13:43:02.590Z'
}
{
  service: 'ConnectDBResilinkService',
  from: 'getImageforAssets',
  level: 'info',
  message: 'succes connecting to DB',
  timestamp: '2024-03-11T13:21:36.057Z'
}
{
  service: 'ConnectDBResilinkService',
  from: 'getImageforAssets',
  level: 'info',
  message: 'succes connecting to DB',
  timestamp: '2024-03-11T14:54:30.949Z'
}
{
  service: 'ConnectDBResilinkService',
  from: 'getOneAssetDBimage',
  level: 'info',
  message: 'succes connecting to DB',
  timestamp: '2024-03-11T15:02:41.227Z'
}
{
  service: 'ConnectDBResilinkService',
  from: 'getOneAssetDBimage',
  level: 'info',
  message: 'succes connecting to DB',
  timestamp: '2024-03-11T15:06:27.804Z'
}
{
  service: 'ConnectDBResilinkService',
  from: 'getOneAssetDBimage',
  level: 'info',
  message: 'succes connecting to DB',
  timestamp: '2024-03-11T15:24:58.528Z'
}
{
  service: 'ConnectDBResilinkService',
  from: 'getNewsfromCountry',
  level: 'info',
  message: 'succes connecting to DB',
  timestamp: '2024-03-12T09:03:09.660Z'
}
{
  service: 'ConnectDBResilinkService',
  from: 'getNewsfromCountry',
  level: 'info',
  message: 'succes connecting to DB',
  timestamp: '2024-03-12T09:05:44.704Z'
}
{
  service: 'ConnectDBResilinkService',
  from: 'getNewsfromCountry',
  level: 'info',
  message: 'succes connecting to DB',
  timestamp: '2024-03-12T09:06:13.095Z'
}
{
  service: 'ConnectDBResilinkService',
  from: 'getNewsfromCountry',
  level: 'info',
  message: 'succes connecting to DB',
  timestamp: '2024-03-12T09:29:19.026Z'
}
{
  service: 'ConnectDBResilinkService',
  from: 'getNewsfromCountry',
  level: 'info',
  message: 'succes connecting to DB',
  timestamp: '2024-03-12T09:29:29.201Z'
}
{
  service: 'ConnectDBResilinkService',
  from: 'getImageforAssets',
  level: 'info',
  message: 'succes connecting to DB',
  timestamp: '2024-03-12T14:05:55.837Z'
}
{
  service: 'ConnectDBResilinkService',
  from: 'getImageforAssets',
  level: 'info',
  message: 'succes connecting to DB',
  timestamp: '2024-03-12T14:05:56.905Z'
}
{
  service: 'ConnectDBResilinkService',
  from: 'getImageforAssets',
  level: 'info',
  message: 'succes connecting to DB',
  timestamp: '2024-03-12T14:15:38.418Z'
}
{
  service: 'ConnectDBResilinkService',
  from: 'getImageforAssets',
  level: 'info',
  message: 'succes connecting to DB',
  timestamp: '2024-03-12T14:34:47.771Z'
}
{
  service: 'ConnectDBResilinkService',
  from: 'getImageforAssets',
  level: 'info',
  message: 'succes connecting to DB',
  timestamp: '2024-03-12T14:34:48.754Z'
}
{
  service: 'ConnectDBResilinkService',
  from: 'getImageforAssets',
  level: 'info',
  message: 'succes connecting to DB',
  timestamp: '2024-03-12T14:34:50.925Z'
}
{
  service: 'ConnectDBResilinkService',
  from: 'getImageforAssets',
  level: 'info',
  message: 'succes connecting to DB',
  timestamp: '2024-03-12T14:35:08.466Z'
}
{
  service: 'ConnectDBResilinkService',
  from: 'getImageforAssets',
  level: 'info',
  message: 'succes connecting to DB',
  timestamp: '2024-03-12T14:36:07.138Z'
}
{
  service: 'ConnectDBResilinkService',
  from: 'getImageforAssets',
  level: 'info',
  message: 'succes connecting to DB',
  timestamp: '2024-03-12T15:00:18.997Z'
}
{
  service: 'ConnectDBResilinkService',
  from: 'getImageforAssets',
  level: 'info',
  message: 'succes connecting to DB',
  timestamp: '2024-03-12T15:14:12.018Z'
}
{
  service: 'ConnectDBResilinkService',
  from: 'getImageforAssets',
  level: 'info',
  message: 'succes connecting to DB',
  timestamp: '2024-03-12T15:14:27.899Z'
}
{
  service: 'ConnectDBResilinkService',
  from: 'getImageforAssets',
  level: 'info',
  message: 'succes connecting to DB',
  timestamp: '2024-03-12T15:14:28.888Z'
}
{
  service: 'ConnectDBResilinkService',
  from: 'getImageforAssets',
  level: 'info',
  message: 'succes connecting to DB',
  timestamp: '2024-03-12T15:15:24.926Z'
}
{
  service: 'ConnectDBResilinkService',
  from: 'getImageforAssets',
  level: 'info',
  message: 'succes connecting to DB',
  timestamp: '2024-03-12T15:25:41.506Z'
}
{
  service: 'ConnectDBResilinkService',
  from: 'getImageforAssets',
  level: 'info',
  message: 'succes connecting to DB',
  timestamp: '2024-03-12T15:26:14.306Z'
}
{
  service: 'ConnectDBResilinkService',
  from: 'getNewsfromIdList',
  level: 'info',
  message: 'succes connecting to DB',
  timestamp: '2024-03-12T15:53:45.716Z'
}
{
  service: 'ConnectDBResilinkService',
  from: 'getNewsfromIdList',
  error: MongoServerError: $in needs an array
      at Connection.onMessage (/home/acazaux007/Bureau/Resilink/Mid_Plateforme/Resilink_webserver/node_modules/mongodb/lib/cmap/connection.js:202:26)
      at MessageStream.<anonymous> (/home/acazaux007/Bureau/Resilink/Mid_Plateforme/Resilink_webserver/node_modules/mongodb/lib/cmap/connection.js:61:60)
      at MessageStream.emit (node:events:514:28)
      at processIncomingData (/home/acazaux007/Bureau/Resilink/Mid_Plateforme/Resilink_webserver/node_modules/mongodb/lib/cmap/message_stream.js:124:16)
      at MessageStream._write (/home/acazaux007/Bureau/Resilink/Mid_Plateforme/Resilink_webserver/node_modules/mongodb/lib/cmap/message_stream.js:33:9)
      at writeOrBuffer (node:internal/streams/writable:392:12)
      at _write (node:internal/streams/writable:333:10)
      at Writable.write (node:internal/streams/writable:337:10)
      at TLSSocket.ondata (node:internal/streams/readable:766:22)
      at TLSSocket.emit (node:events:514:28) {
    ok: 0,
    code: 2,
    codeName: 'BadValue',
    '$clusterTime': {
      clusterTime: new Timestamp({ t: 1710258825, i: 9 }),
      signature: {
        hash: Binary.createFromBase64("jJ8rqPp/QVou7KpfvSfbIQVYMwY=", 0),
        keyId: new Long("7286555628485476354")
      }
    },
    operationTime: new Timestamp({ t: 1710258825, i: 9 }),
    [Symbol(errorLabels)]: Set(0) {}
  },
  level: 'error',
  message: 'error connecting to DB',
  timestamp: '2024-03-12T15:53:45.741Z'
}
{
  service: 'ConnectDBResilinkService',
  from: 'getNewsfromIdList',
  level: 'info',
  message: 'succes connecting to DB',
  timestamp: '2024-03-12T15:55:03.838Z'
}
{
  service: 'ConnectDBResilinkService',
  from: 'getNewsfromIdList',
  error: MongoServerError: $in needs an array
      at Connection.onMessage (/home/acazaux007/Bureau/Resilink/Mid_Plateforme/Resilink_webserver/node_modules/mongodb/lib/cmap/connection.js:202:26)
      at MessageStream.<anonymous> (/home/acazaux007/Bureau/Resilink/Mid_Plateforme/Resilink_webserver/node_modules/mongodb/lib/cmap/connection.js:61:60)
      at MessageStream.emit (node:events:514:28)
      at processIncomingData (/home/acazaux007/Bureau/Resilink/Mid_Plateforme/Resilink_webserver/node_modules/mongodb/lib/cmap/message_stream.js:124:16)
      at MessageStream._write (/home/acazaux007/Bureau/Resilink/Mid_Plateforme/Resilink_webserver/node_modules/mongodb/lib/cmap/message_stream.js:33:9)
      at writeOrBuffer (node:internal/streams/writable:392:12)
      at _write (node:internal/streams/writable:333:10)
      at Writable.write (node:internal/streams/writable:337:10)
      at TLSSocket.ondata (node:internal/streams/readable:766:22)
      at TLSSocket.emit (node:events:514:28) {
    ok: 0,
    code: 2,
    codeName: 'BadValue',
    '$clusterTime': {
      clusterTime: new Timestamp({ t: 1710258903, i: 10 }),
      signature: {
        hash: Binary.createFromBase64("LdOBe/ZughAfcpReXJKDQvWvG5k=", 0),
        keyId: new Long("7286555628485476354")
      }
    },
    operationTime: new Timestamp({ t: 1710258903, i: 10 }),
    [Symbol(errorLabels)]: Set(0) {}
  },
  level: 'error',
  message: 'error connecting to DB',
  timestamp: '2024-03-12T15:55:03.868Z'
}
{
  service: 'ConnectDBResilinkService',
  from: 'getNewsfromIdList',
  level: 'info',
  message: 'succes connecting to DB',
  timestamp: '2024-03-12T15:58:43.487Z'
}
{
  service: 'ConnectDBResilinkService',
  from: 'getNewsfromIdList',
  error: MongoServerError: $in needs an array
      at Connection.onMessage (/home/acazaux007/Bureau/Resilink/Mid_Plateforme/Resilink_webserver/node_modules/mongodb/lib/cmap/connection.js:202:26)
      at MessageStream.<anonymous> (/home/acazaux007/Bureau/Resilink/Mid_Plateforme/Resilink_webserver/node_modules/mongodb/lib/cmap/connection.js:61:60)
      at MessageStream.emit (node:events:514:28)
      at processIncomingData (/home/acazaux007/Bureau/Resilink/Mid_Plateforme/Resilink_webserver/node_modules/mongodb/lib/cmap/message_stream.js:124:16)
      at MessageStream._write (/home/acazaux007/Bureau/Resilink/Mid_Plateforme/Resilink_webserver/node_modules/mongodb/lib/cmap/message_stream.js:33:9)
      at writeOrBuffer (node:internal/streams/writable:392:12)
      at _write (node:internal/streams/writable:333:10)
      at Writable.write (node:internal/streams/writable:337:10)
      at TLSSocket.ondata (node:internal/streams/readable:766:22)
      at TLSSocket.emit (node:events:514:28) {
    ok: 0,
    code: 2,
    codeName: 'BadValue',
    '$clusterTime': {
      clusterTime: new Timestamp({ t: 1710259123, i: 11 }),
      signature: {
        hash: Binary.createFromBase64("H14+QXNqzORoFmIocIh5MbnKBJY=", 0),
        keyId: new Long("7286555628485476354")
      }
    },
    operationTime: new Timestamp({ t: 1710259123, i: 11 }),
    [Symbol(errorLabels)]: Set(0) {}
  },
  level: 'error',
  message: 'error connecting to DB',
  timestamp: '2024-03-12T15:58:43.518Z'
}
{
  service: 'ConnectDBResilinkService',
  from: 'getOneProsummer',
  level: 'info',
  message: 'succes connecting to DB',
  timestamp: '2024-03-12T15:59:21.423Z'
}
{
  service: 'ConnectDBResilinkService',
  from: 'getNewsfromIdList',
  level: 'info',
  message: 'succes connecting to DB',
  timestamp: '2024-03-12T15:59:21.450Z'
}
{
  service: 'ConnectDBResilinkService',
  from: 'getOneProsummer',
  level: 'info',
  message: 'succes connecting to DB',
  timestamp: '2024-03-12T15:59:46.601Z'
}
{
  service: 'ConnectDBResilinkService',
  from: 'getNewsfromIdList',
  level: 'info',
  message: 'succes connecting to DB',
  timestamp: '2024-03-12T15:59:46.881Z'
}
{
  service: 'ConnectDBResilinkService',
  from: 'getOneProsummer',
  level: 'info',
  message: 'succes connecting to DB',
  timestamp: '2024-03-12T16:00:00.010Z'
}
{
  service: 'ConnectDBResilinkService',
  from: 'getNewsfromIdList',
  level: 'info',
  message: 'succes connecting to DB',
  timestamp: '2024-03-12T16:00:00.334Z'
}
{
  service: 'ConnectDBResilinkService',
  from: 'getOneProsummer',
  level: 'info',
  message: 'succes connecting to DB',
  timestamp: '2024-03-12T16:00:24.054Z'
}
{
  service: 'ConnectDBResilinkService',
  from: 'getNewsfromIdList',
  level: 'info',
  message: 'succes connecting to DB',
  timestamp: '2024-03-12T16:00:24.383Z'
}
{
  service: 'ConnectDBResilinkService',
  from: 'getImageforAssets',
  level: 'info',
  message: 'succes connecting to DB',
  timestamp: '2024-03-13T08:29:42.514Z'
}
{
  service: 'ConnectDBResilinkService',
  from: 'getImageforAssets',
  level: 'info',
  message: 'succes connecting to DB',
  timestamp: '2024-03-13T08:29:43.460Z'
}
{
  service: 'ConnectDBResilinkService',
  from: 'getImageforAssets',
  level: 'info',
  message: 'succes connecting to DB',
  timestamp: '2024-03-13T08:29:46.487Z'
}
{
  service: 'ConnectDBResilinkService',
  from: 'getNewsfromCountry',
  level: 'info',
  message: 'succes connecting to DB',
  timestamp: '2024-03-13T08:37:49.178Z'
}
{
  service: 'ConnectDBResilinkService',
  from: 'getImageforAssets',
  level: 'info',
  message: 'succes connecting to DB',
  timestamp: '2024-03-13T08:46:49.991Z'
}
{
  service: 'ConnectDBResilinkService',
  from: 'getOneProsummer',
  level: 'info',
  message: 'succes connecting to DB',
  timestamp: '2024-03-13T09:02:10.630Z'
}
{
  service: 'ConnectDBResilinkService',
  from: 'getOneProsummer',
  level: 'info',
  message: 'succes connecting to DB',
  timestamp: '2024-03-13T09:02:42.920Z'
}
{
  service: 'ConnectDBResilinkService',
  from: 'getNewsfromIdList',
  level: 'info',
  message: 'succes connecting to DB',
  timestamp: '2024-03-13T09:02:43.392Z'
}
{
  service: 'ConnectDBResilinkService',
  from: 'getNewsfromCountry',
  level: 'info',
  message: 'succes connecting to DB',
  timestamp: '2024-03-13T09:04:16.036Z'
}
{
  service: 'ConnectDBResilinkService',
  from: 'getImageforAssets',
  level: 'info',
  message: 'succes connecting to DB',
  timestamp: '2024-03-13T09:20:23.046Z'
}
{
  service: 'ConnectDBResilinkService',
  from: 'getImageforAssets',
  level: 'info',
  message: 'succes connecting to DB',
  timestamp: '2024-03-13T09:21:46.993Z'
}
{
  service: 'ConnectDBResilinkService',
  from: 'getImageforAssets',
  level: 'info',
  message: 'succes connecting to DB',
  timestamp: '2024-03-13T09:30:36.532Z'
}
{
  service: 'ConnectDBResilinkService',
  from: 'getNewsfromCountry',
  level: 'info',
  message: 'succes connecting to DB',
  timestamp: '2024-03-13T09:30:39.915Z'
}
{
  service: 'ConnectDBResilinkService',
  from: 'getNewsfromCountry',
  level: 'info',
  message: 'succes connecting to DB',
  timestamp: '2024-03-13T09:32:38.288Z'
}
{
  service: 'ConnectDBResilinkService',
  from: 'getNewsfromCountry',
  level: 'info',
  message: 'succes connecting to DB',
  timestamp: '2024-03-13T09:32:40.587Z'
}
{
  service: 'ConnectDBResilinkService',
  from: 'getNewsfromCountry',
  level: 'info',
  message: 'succes connecting to DB',
  timestamp: '2024-03-13T09:37:00.548Z'
}
{
  service: 'ConnectDBResilinkService',
  from: 'getNewsfromCountry',
  level: 'info',
  message: 'succes connecting to DB',
  timestamp: '2024-03-13T09:37:22.761Z'
}
{
  service: 'ConnectDBResilinkService',
  from: 'getNewsfromCountry',
  level: 'info',
  message: 'succes connecting to DB',
  timestamp: '2024-03-13T09:44:37.749Z'
}
{
  service: 'ConnectDBResilinkService',
  from: 'getNewsfromCountry',
  level: 'info',
  message: 'succes connecting to DB',
  timestamp: '2024-03-13T09:47:46.562Z'
}
{
  service: 'ConnectDBResilinkService',
  from: 'getNewsfromCountry',
  level: 'info',
  message: 'succes connecting to DB',
  timestamp: '2024-03-13T09:52:25.574Z'
}
{
  service: 'ConnectDBResilinkService',
  from: 'getNewsfromCountry',
  level: 'info',
  message: 'succes connecting to DB',
  timestamp: '2024-03-13T09:53:05.539Z'
}
{
  service: 'ConnectDBResilinkService',
  from: 'getImageforAssets',
  level: 'info',
  message: 'succes connecting to DB',
  timestamp: '2024-03-13T09:53:14.538Z'
}
{
  service: 'ConnectDBResilinkService',
  from: 'getImageforAssets',
  level: 'info',
  message: 'succes connecting to DB',
  timestamp: '2024-03-13T09:59:38.462Z'
}
{
  service: 'ConnectDBResilinkService',
  from: 'getOneProsummer',
  level: 'info',
  message: 'succes connecting to DB',
  timestamp: '2024-03-13T09:59:39.499Z'
}
{
  service: 'ConnectDBResilinkService',
  from: 'getImageforAssets',
  level: 'info',
  message: 'succes connecting to DB',
  timestamp: '2024-03-13T10:02:13.266Z'
}
{
  service: 'ConnectDBResilinkService',
  from: 'getOneProsummer',
  level: 'info',
  message: 'succes connecting to DB',
  timestamp: '2024-03-13T10:02:14.373Z'
}
{
  service: 'ConnectDBResilinkService',
  from: 'getImageforAssets',
  level: 'info',
  message: 'succes connecting to DB',
  timestamp: '2024-03-13T10:04:19.762Z'
}
{
  service: 'ConnectDBResilinkService',
  from: 'getOneProsummer',
  level: 'info',
  message: 'succes connecting to DB',
  timestamp: '2024-03-13T10:04:20.817Z'
}
{
  service: 'ConnectDBResilinkService',
  from: 'getImageforAssets',
  level: 'info',
  message: 'succes connecting to DB',
  timestamp: '2024-03-13T10:05:33.434Z'
}
{
  service: 'ConnectDBResilinkService',
  from: 'getOneProsummer',
  level: 'info',
  message: 'succes connecting to DB',
  timestamp: '2024-03-13T10:05:34.768Z'
}
{
  service: 'ConnectDBResilinkService',
  from: 'getImageforAssets',
  level: 'info',
  message: 'succes connecting to DB',
  timestamp: '2024-03-13T10:05:37.793Z'
}
{
  service: 'ConnectDBResilinkService',
  from: 'getImageforAssets',
  level: 'info',
  message: 'succes connecting to DB',
  timestamp: '2024-03-13T10:05:38.747Z'
}
{
  service: 'ConnectDBResilinkService',
  from: 'getImageforAssets',
  level: 'info',
  message: 'succes connecting to DB',
  timestamp: '2024-03-13T10:05:40.488Z'
}
{
  service: 'ConnectDBResilinkService',
  from: 'getOneProsummer',
  level: 'info',
  message: 'succes connecting to DB',
  timestamp: '2024-03-13T10:05:41.453Z'
}
{
  service: 'ConnectDBResilinkService',
  from: 'getImageforAssets',
  level: 'info',
  message: 'succes connecting to DB',
  timestamp: '2024-03-13T10:08:26.407Z'
}
{
  service: 'ConnectDBResilinkService',
  from: 'getOneProsummer',
  level: 'info',
  message: 'succes connecting to DB',
  timestamp: '2024-03-13T10:08:27.339Z'
}
{
  service: 'ConnectDBResilinkService',
  from: 'getOneProsummer',
  level: 'info',
  message: 'succes connecting to DB',
  timestamp: '2024-03-13T10:08:48.151Z'
}
{
  service: 'ConnectDBResilinkService',
  from: 'getNewsfromIdList',
  level: 'info',
  message: 'succes connecting to DB',
  timestamp: '2024-03-13T10:08:48.434Z'
}
{
  service: 'ConnectDBResilinkService',
  from: 'getImageforAssets',
  level: 'info',
  message: 'succes connecting to DB',
  timestamp: '2024-03-13T10:11:32.862Z'
}
{
  service: 'ConnectDBResilinkService',
  from: 'getOneProsummer',
  level: 'info',
  message: 'succes connecting to DB',
  timestamp: '2024-03-13T10:11:33.977Z'
}
{
  service: 'ConnectDBResilinkService',
  from: 'getImageforAssets',
  level: 'info',
  message: 'succes connecting to DB',
  timestamp: '2024-03-13T10:13:29.214Z'
}
{
  service: 'ConnectDBResilinkService',
  from: 'getOneProsummer',
  level: 'info',
  message: 'succes connecting to DB',
  timestamp: '2024-03-13T10:13:30.280Z'
}
{
  service: 'ConnectDBResilinkService',
  from: 'getNewsfromIdList',
  level: 'info',
  message: 'succes connecting to DB',
  timestamp: '2024-03-13T10:13:30.542Z'
}
{
  service: 'ConnectDBResilinkService',
  from: 'getImageforAssets',
  level: 'info',
  message: 'succes connecting to DB',
  timestamp: '2024-03-13T10:13:46.633Z'
}
{
  service: 'ConnectDBResilinkService',
  from: 'getImageforAssets',
  level: 'info',
  message: 'succes connecting to DB',
  timestamp: '2024-03-13T10:13:47.693Z'
}
{
  service: 'ConnectDBResilinkService',
  from: 'getImageforAssets',
  level: 'info',
  message: 'succes connecting to DB',
  timestamp: '2024-03-13T10:13:49.368Z'
}
{
  service: 'ConnectDBResilinkService',
  from: 'getOneProsummer',
  level: 'info',
  message: 'succes connecting to DB',
  timestamp: '2024-03-13T10:13:50.294Z'
}
{
  service: 'ConnectDBResilinkService',
  from: 'getNewsfromIdList',
  level: 'info',
  message: 'succes connecting to DB',
  timestamp: '2024-03-13T10:13:50.609Z'
}
{
  service: 'ConnectDBResilinkService',
  from: 'getImageforAssets',
  level: 'info',
  message: 'succes connecting to DB',
  timestamp: '2024-03-13T10:37:52.478Z'
}
{
  service: 'ConnectDBResilinkService',
  from: 'getOneProsummer',
  level: 'info',
  message: 'succes connecting to DB',
  timestamp: '2024-03-13T10:37:53.469Z'
}
{
  service: 'ConnectDBResilinkService',
  from: 'getNewsfromIdList',
  level: 'info',
  message: 'succes connecting to DB',
  timestamp: '2024-03-13T10:37:53.745Z'
}
{
  service: 'ConnectDBResilinkService',
  from: 'getImageforAssets',
  level: 'info',
  message: 'succes connecting to DB',
  timestamp: '2024-03-13T10:42:04.173Z'
}
{
  service: 'ConnectDBResilinkService',
  from: 'getOneProsummer',
  level: 'info',
  message: 'succes connecting to DB',
  timestamp: '2024-03-13T10:42:05.074Z'
}
{
  service: 'ConnectDBResilinkService',
  from: 'getNewsfromIdList',
  level: 'info',
  message: 'succes connecting to DB',
  timestamp: '2024-03-13T10:42:05.347Z'
}
{
  service: 'ConnectDBResilinkService',
  from: 'getImageforAssets',
  level: 'info',
  message: 'succes connecting to DB',
  timestamp: '2024-03-13T10:42:23.233Z'
}
{
  service: 'ConnectDBResilinkService',
  from: 'getOneProsummer',
  level: 'info',
  message: 'succes connecting to DB',
  timestamp: '2024-03-13T10:42:24.268Z'
}
{
  service: 'ConnectDBResilinkService',
  from: 'getNewsfromIdList',
  level: 'info',
  message: 'succes connecting to DB',
  timestamp: '2024-03-13T10:42:24.544Z'
}
{
  service: 'ConnectDBResilinkService',
  from: 'getImageforAssets',
  level: 'info',
  message: 'succes connecting to DB',
  timestamp: '2024-03-13T10:42:44.499Z'
}
{
  service: 'ConnectDBResilinkService',
  from: 'getOneProsummer',
  level: 'info',
  message: 'succes connecting to DB',
  timestamp: '2024-03-13T10:42:45.377Z'
}
{
  service: 'ConnectDBResilinkService',
  from: 'getNewsfromIdList',
  level: 'info',
  message: 'succes connecting to DB',
  timestamp: '2024-03-13T10:42:45.678Z'
}
{
  service: 'ConnectDBResilinkService',
  from: 'getImageforAssets',
  level: 'info',
  message: 'succes connecting to DB',
  timestamp: '2024-03-13T10:43:43.215Z'
}
{
  service: 'ConnectDBResilinkService',
  from: 'getOneProsummer',
  level: 'info',
  message: 'succes connecting to DB',
  timestamp: '2024-03-13T10:43:44.270Z'
}
{
  service: 'ConnectDBResilinkService',
  from: 'getNewsfromIdList',
  level: 'info',
  message: 'succes connecting to DB',
  timestamp: '2024-03-13T10:43:44.578Z'
}
{
  service: 'ConnectDBResilinkService',
  from: 'getImageforAssets',
  level: 'info',
  message: 'succes connecting to DB',
  timestamp: '2024-03-13T10:44:32.600Z'
}
{
  service: 'ConnectDBResilinkService',
  from: 'getOneProsummer',
  level: 'info',
  message: 'succes connecting to DB',
  timestamp: '2024-03-13T10:44:33.528Z'
}
{
  service: 'ConnectDBResilinkService',
  from: 'getNewsfromIdList',
  level: 'info',
  message: 'succes connecting to DB',
  timestamp: '2024-03-13T10:44:33.792Z'
}
{
  service: 'ConnectDBResilinkService',
  from: 'getImageforAssets',
  level: 'info',
  message: 'succes connecting to DB',
  timestamp: '2024-03-13T10:44:37.631Z'
}
{
  service: 'ConnectDBResilinkService',
  from: 'getOneProsummer',
  level: 'info',
  message: 'succes connecting to DB',
  timestamp: '2024-03-13T10:44:38.510Z'
}
{
  service: 'ConnectDBResilinkService',
  from: 'getNewsfromIdList',
  level: 'info',
  message: 'succes connecting to DB',
  timestamp: '2024-03-13T10:44:38.824Z'
}
{
  service: 'ConnectDBResilinkService',
  from: 'getImageforAssets',
  level: 'info',
  message: 'succes connecting to DB',
  timestamp: '2024-03-13T10:44:43.948Z'
}
{
  service: 'ConnectDBResilinkService',
  from: 'getOneProsummer',
  level: 'info',
  message: 'succes connecting to DB',
  timestamp: '2024-03-13T10:44:44.963Z'
}
{
  service: 'ConnectDBResilinkService',
  from: 'getNewsfromIdList',
  level: 'info',
  message: 'succes connecting to DB',
  timestamp: '2024-03-13T10:44:45.285Z'
}
{
  service: 'ConnectDBResilinkService',
  from: 'getImageforAssets',
  level: 'info',
  message: 'succes connecting to DB',
  timestamp: '2024-03-13T11:11:51.260Z'
}
{
  service: 'ConnectDBResilinkService',
  from: 'getOneProsummer',
  level: 'info',
  message: 'succes connecting to DB',
  timestamp: '2024-03-13T11:11:52.259Z'
}
{
  service: 'ConnectDBResilinkService',
  from: 'getNewsfromIdList',
  level: 'info',
  message: 'succes connecting to DB',
  timestamp: '2024-03-13T11:11:52.542Z'
}
{
  service: 'ConnectDBResilinkService',
  from: 'getImageforAssets',
  level: 'info',
  message: 'succes connecting to DB',
  timestamp: '2024-03-13T11:31:37.476Z'
}
{
  service: 'ConnectDBResilinkService',
  from: 'getOneProsummer',
  level: 'info',
  message: 'succes connecting to DB',
  timestamp: '2024-03-13T11:31:38.461Z'
}
{
  service: 'ConnectDBResilinkService',
  from: 'getNewsfromIdList',
  level: 'info',
  message: 'succes connecting to DB',
  timestamp: '2024-03-13T11:31:38.767Z'
}
{
  service: 'ConnectDBResilinkService',
  from: 'getImageforAssets',
  level: 'info',
  message: 'succes connecting to DB',
  timestamp: '2024-03-13T11:38:22.474Z'
}
{
  service: 'ConnectDBResilinkService',
  from: 'getOneProsummer',
  level: 'info',
  message: 'succes connecting to DB',
  timestamp: '2024-03-13T11:38:23.350Z'
}
{
  service: 'ConnectDBResilinkService',
  from: 'getNewsfromIdList',
  level: 'info',
  message: 'succes connecting to DB',
  timestamp: '2024-03-13T11:38:23.616Z'
}
{
  service: 'ConnectDBResilinkService',
  from: 'getImageforAssets',
  level: 'info',
  message: 'succes connecting to DB',
  timestamp: '2024-03-13T14:52:10.847Z'
}
{
  service: 'ConnectDBResilinkService',
  from: 'getOneProsummer',
  level: 'info',
  message: 'succes connecting to DB',
  timestamp: '2024-03-13T14:52:11.696Z'
}
{
  service: 'ConnectDBResilinkService',
  from: 'getNewsfromIdList',
  level: 'info',
  message: 'succes connecting to DB',
  timestamp: '2024-03-13T14:52:12.012Z'
}
{
  service: 'ConnectDBResilinkService',
  from: 'getImageforAssets',
  level: 'info',
  message: 'succes connecting to DB',
  timestamp: '2024-03-13T14:52:34.519Z'
}
{
  service: 'ConnectDBResilinkService',
  from: 'getOneProsummer',
  level: 'info',
  message: 'succes connecting to DB',
  timestamp: '2024-03-13T14:52:35.524Z'
}
{
  service: 'ConnectDBResilinkService',
  from: 'getNewsfromIdList',
  level: 'info',
  message: 'succes connecting to DB',
  timestamp: '2024-03-13T14:52:35.835Z'
}
{
  service: 'ConnectDBResilinkService',
  from: 'getImageforAssets',
  level: 'info',
  message: 'succes connecting to DB',
  timestamp: '2024-03-13T14:52:59.139Z'
}
{
  service: 'ConnectDBResilinkService',
  from: 'getImageforAssets',
  level: 'info',
  message: 'succes connecting to DB',
  timestamp: '2024-03-13T14:53:00.281Z'
}
{
  service: 'ConnectDBResilinkService',
  from: 'getImageforAssets',
  level: 'info',
  message: 'succes connecting to DB',
  timestamp: '2024-03-13T14:53:45.780Z'
}
{
  service: 'ConnectDBResilinkService',
  from: 'getOneProsummer',
  level: 'info',
  message: 'succes connecting to DB',
  timestamp: '2024-03-13T14:53:46.633Z'
}
{
  service: 'ConnectDBResilinkService',
  from: 'getNewsfromIdList',
  level: 'info',
  message: 'succes connecting to DB',
  timestamp: '2024-03-13T14:53:46.946Z'
}
{
  service: 'ConnectDBResilinkService',
  from: 'getImageforAssets',
  level: 'info',
  message: 'succes connecting to DB',
  timestamp: '2024-03-13T14:55:15.416Z'
}
{
  service: 'ConnectDBResilinkService',
  from: 'getOneProsummer',
  level: 'info',
  message: 'succes connecting to DB',
  timestamp: '2024-03-13T14:55:16.316Z'
}
{
  service: 'ConnectDBResilinkService',
  from: 'getNewsfromIdList',
  level: 'info',
  message: 'succes connecting to DB',
  timestamp: '2024-03-13T14:55:16.603Z'
}
{
  service: 'ConnectDBResilinkService',
  from: 'getImageforAssets',
  level: 'info',
  message: 'succes connecting to DB',
  timestamp: '2024-03-13T14:58:52.468Z'
}
{
  service: 'ConnectDBResilinkService',
  from: 'getImageforAssets',
  level: 'info',
  message: 'succes connecting to DB',
  timestamp: '2024-03-13T14:58:53.465Z'
}
{
  service: 'ConnectDBResilinkService',
  from: 'getImageforAssets',
  level: 'info',
  message: 'succes connecting to DB',
  timestamp: '2024-03-13T14:58:55.274Z'
}
{
  service: 'ConnectDBResilinkService',
  from: 'getOneProsummer',
  level: 'info',
  message: 'succes connecting to DB',
  timestamp: '2024-03-13T14:58:56.156Z'
}
{
  service: 'ConnectDBResilinkService',
  from: 'getNewsfromIdList',
  level: 'info',
  message: 'succes connecting to DB',
  timestamp: '2024-03-13T14:58:56.423Z'
}
{
  service: 'ConnectDBResilinkService',
  from: 'getImageforAssets',
  level: 'info',
  message: 'succes connecting to DB',
  timestamp: '2024-03-13T15:00:01.051Z'
}
{
  service: 'ConnectDBResilinkService',
  from: 'getImageforAssets',
  level: 'info',
  message: 'succes connecting to DB',
  timestamp: '2024-03-13T15:00:01.780Z'
}
{
  service: 'ConnectDBResilinkService',
  from: 'getNewsfromCountry',
  level: 'info',
  message: 'succes connecting to DB',
  timestamp: '2024-03-13T15:00:11.241Z'
}
{
  service: 'ConnectDBResilinkService',
  from: 'getNewsfromCountry',
  level: 'info',
  message: 'succes connecting to DB',
  timestamp: '2024-03-13T15:00:20.363Z'
}
{
  service: 'ConnectDBResilinkService',
  from: 'getImageforAssets',
  level: 'info',
  message: 'succes connecting to DB',
  timestamp: '2024-03-13T15:00:23.682Z'
}
{
  service: 'ConnectDBResilinkService',
  from: 'getImageforAssets',
  level: 'info',
  message: 'succes connecting to DB',
  timestamp: '2024-03-13T15:00:24.438Z'
}
{
  service: 'ConnectDBResilinkService',
  from: 'getImageforAssets',
  level: 'info',
  message: 'succes connecting to DB',
  timestamp: '2024-03-13T15:00:35.467Z'
}
{
  service: 'ConnectDBResilinkService',
  from: 'getImageforAssets',
  level: 'info',
  message: 'succes connecting to DB',
  timestamp: '2024-03-13T15:00:36.551Z'
}
{
  service: 'ConnectDBResilinkService',
  from: 'getImageforAssets',
  level: 'info',
  message: 'succes connecting to DB',
  timestamp: '2024-03-13T15:00:39.348Z'
}
{
  service: 'ConnectDBResilinkService',
  from: 'getOneProsummer',
  level: 'info',
  message: 'succes connecting to DB',
  timestamp: '2024-03-13T15:00:40.259Z'
}
{
  service: 'ConnectDBResilinkService',
  from: 'getNewsfromIdList',
  level: 'info',
  message: 'succes connecting to DB',
  timestamp: '2024-03-13T15:00:40.546Z'
}
{
  service: 'ConnectDBResilinkService',
  from: 'getNewsfromCountry',
  level: 'info',
  message: 'succes connecting to DB',
  timestamp: '2024-03-13T15:00:42.450Z'
}
{
  service: 'ConnectDBResilinkService',
  from: 'getImageforAssets',
  level: 'info',
  message: 'succes connecting to DB',
  timestamp: '2024-03-13T15:00:51.615Z'
}
{
  service: 'ConnectDBResilinkService',
  from: 'getOneProsummer',
  level: 'info',
  message: 'succes connecting to DB',
  timestamp: '2024-03-13T15:00:52.570Z'
}
{
  service: 'ConnectDBResilinkService',
  from: 'getNewsfromIdList',
  level: 'info',
  message: 'succes connecting to DB',
  timestamp: '2024-03-13T15:00:52.854Z'
}
{
  service: 'ConnectDBResilinkService',
  from: 'getImageforAssets',
  level: 'info',
  message: 'succes connecting to DB',
  timestamp: '2024-03-13T15:02:30.930Z'
}
{
  service: 'ConnectDBResilinkService',
  from: 'getImageforAssets',
  level: 'info',
  message: 'succes connecting to DB',
  timestamp: '2024-03-13T15:02:31.944Z'
}
{
  service: 'ConnectDBResilinkService',
  from: 'getLastFourArticles',
  level: 'info',
  message: 'succes connecting to DB',
  timestamp: '2024-03-13T15:09:53.422Z'
}
{
  service: 'ConnectDBResilinkService',
  from: 'getImageforAssets',
  level: 'info',
  message: 'succes connecting to DB',
  timestamp: '2024-03-13T15:09:56.407Z'
}
{
  service: 'ConnectDBResilinkService',
  from: 'getOneProsummer',
  level: 'info',
  message: 'succes connecting to DB',
  timestamp: '2024-03-13T15:09:57.255Z'
}
{
  service: 'ConnectDBResilinkService',
  from: 'getNewsfromIdList',
  level: 'info',
  message: 'succes connecting to DB',
  timestamp: '2024-03-13T15:09:57.545Z'
}
{
  service: 'ConnectDBResilinkService',
  from: 'getLastFourArticles',
  level: 'info',
  message: 'succes connecting to DB',
  timestamp: '2024-03-13T15:09:58.525Z'
}
{
  service: 'ConnectDBResilinkService',
  from: 'getImageforAssets',
  level: 'info',
  message: 'succes connecting to DB',
  timestamp: '2024-03-13T15:11:07.491Z'
}
{
  service: 'ConnectDBResilinkService',
  from: 'getOneProsummer',
  level: 'info',
  message: 'succes connecting to DB',
  timestamp: '2024-03-13T15:11:08.473Z'
}
{
  service: 'ConnectDBResilinkService',
  from: 'getNewsfromIdList',
  level: 'info',
  message: 'succes connecting to DB',
  timestamp: '2024-03-13T15:11:08.740Z'
}
{
  service: 'ConnectDBResilinkService',
  from: 'getLastFourArticles',
  level: 'info',
  message: 'succes connecting to DB',
  timestamp: '2024-03-13T15:11:09.526Z'
}
{
  service: 'ConnectDBResilinkService',
  from: 'getImageforAssets',
  level: 'info',
  message: 'succes connecting to DB',
  timestamp: '2024-03-13T15:11:13.710Z'
}
{
  service: 'ConnectDBResilinkService',
  from: 'getImageforAssets',
  level: 'info',
  message: 'succes connecting to DB',
  timestamp: '2024-03-13T15:11:14.632Z'
}
